<?xml version="1.0" encoding="UTF-8"?>
<!-- Generated by org.testng.reporters.JUnitReportReporter -->
<testsuite hostname="DESKTOP-KS3OAII" failures="0" tests="1" name="test.RegisterTest" time="10.105" errors="0" timestamp="2023-10-08T00:31:24 PDT" skipped="0">
  <testcase classname="test.RegisterTest" name="f" time="10.105"/>
  <system-out/>
</testsuite> <!-- test.RegisterTest -->
