<?xml version="1.0" encoding="UTF-8"?>
<!-- Generated by org.testng.reporters.JUnitReportReporter -->
<testsuite hostname="DESKTOP-KS3OAII" failures="0" tests="1" name="test.FlightTest" time="0.092" errors="0" timestamp="2023-10-11T00:49:41 PDT" skipped="0">
  <testcase classname="test.FlightTest" name="f" time="0.092"/>
  <system-out/>
</testsuite> <!-- test.FlightTest -->
