<?xml version="1.0" encoding="UTF-8"?>
<!-- Generated by org.testng.reporters.JUnitReportReporter -->
<testsuite hostname="DESKTOP-KS3OAII" failures="0" tests="1" name="test.LoginTest" time="3.010" errors="0" timestamp="2023-10-03T20:02:50 PDT" skipped="0">
  <testcase classname="test.LoginTest" name="f" time="3.010"/>
  <system-out/>
</testsuite> <!-- test.LoginTest -->
